<?xml version="1.0" encoding="UTF-8"?>
<!-- Generated by org.testng.reporters.JUnitReportReporter -->
<testsuite skipped="0" hostname="Diego" name="test.TestCreateLinkedInPost" tests="1" failures="0" timestamp="29 Jun 2018 18:39:13 GMT" time="11.730" errors="0">
  <testcase name="test_Create_Chatter_Post" time="11.730" classname="test.TestCreateLinkedInPost"/>
</testsuite> <!-- test.TestCreateLinkedInPost -->
