<?xml version="1.0" encoding="UTF-8"?>
<!-- Generated by org.testng.reporters.JUnitReportReporter -->
<testsuite skipped="0" hostname="Diego" name="test.TestCreateAnArchiveNotCapture" tests="1" failures="0" timestamp="03 Jul 2018 17:26:25 GMT" time="36.638" errors="0">
  <testcase name="test_Create_Archive_No_Capture" time="36.638" classname="test.TestCreateAnArchiveNotCapture"/>
</testsuite> <!-- test.TestCreateAnArchiveNotCapture -->
