<?xml version="1.0" encoding="UTF-8"?>
<!-- Generated by org.testng.reporters.JUnitReportReporter -->
<testsuite skipped="0" hostname="Diego" name="test.TestCreateAnArchiveCapture" tests="1" failures="0" timestamp="05 Jul 2018 16:16:40 GMT" time="97.369" errors="0">
  <testcase name="test_Create_Archive_No_Capture" time="97.369" classname="test.TestCreateAnArchiveCapture"/>
</testsuite> <!-- test.TestCreateAnArchiveCapture -->
