<?xml version="1.0" encoding="UTF-8"?>
<!-- Generated by org.testng.reporters.JUnitReportReporter -->
<testsuite skipped="0" hostname="Diego" name="test.TestCreateArchiveValidateInvalidUrlError" tests="1" failures="0" timestamp="05 Jul 2018 16:16:40 GMT" time="16.635" errors="0">
  <testcase name="test_Create_Archive_No_Capture" time="16.635" classname="test.TestCreateArchiveValidateInvalidUrlError"/>
</testsuite> <!-- test.TestCreateArchiveValidateInvalidUrlError -->
