<?xml version="1.0" encoding="UTF-8"?>
<!-- Generated by org.testng.reporters.JUnitReportReporter -->
<testsuite skipped="0" hostname="Diego" name="test.TestCreateArchiveValidateNoEmailError" tests="1" failures="0" timestamp="09 Jul 2018 17:42:56 GMT" time="16.846" errors="0">
  <testcase name="test_Create_Archive_Validate_No_Email" time="16.846" classname="test.TestCreateArchiveValidateNoEmailError"/>
</testsuite> <!-- test.TestCreateArchiveValidateNoEmailError -->
