<?xml version="1.0" encoding="UTF-8"?>
<!-- Generated by org.testng.reporters.JUnitReportReporter -->
<testsuite skipped="0" hostname="Diego" name="test.TestCreateQuestion" tests="1" failures="0" timestamp="26 Jun 2018 15:06:43 GMT" time="20.201" errors="0">
  <testcase name="test_Create_Chatter_Post" time="20.201" classname="test.TestCreateQuestion"/>
</testsuite> <!-- test.TestCreateQuestion -->
