<?xml version="1.0" encoding="UTF-8"?>
<!-- Generated by org.testng.reporters.JUnitReportReporter -->
<testsuite skipped="0" hostname="Diego" name="test.TestCreateFacebookPost" tests="1" failures="0" timestamp="29 Jun 2018 15:04:09 GMT" time="22.669" errors="0">
  <testcase name="test_Create_Chatter_Post" time="22.669" classname="test.TestCreateFacebookPost"/>
</testsuite> <!-- test.TestCreateFacebookPost -->
