<?xml version="1.0" encoding="UTF-8"?>
<!-- Generated by org.testng.reporters.JUnitReportReporter -->
<testsuite skipped="0" hostname="Diego" name="test.TestCreateArchiveValidateErrors" tests="1" failures="0" timestamp="05 Jul 2018 13:22:34 GMT" time="22.105" errors="0">
  <testcase name="test_Create_Archive_No_Capture" time="22.105" classname="test.TestCreateArchiveValidateErrors"/>
</testsuite> <!-- test.TestCreateArchiveValidateErrors -->
