<?xml version="1.0" encoding="UTF-8"?>
<!-- Generated by org.testng.reporters.JUnitReportReporter -->
<testsuite skipped="0" hostname="Diego" name="test.TestCreateArchiveValidateNoUrlError" tests="1" failures="0" timestamp="09 Jul 2018 17:42:56 GMT" time="17.133" errors="0">
  <testcase name="test_Create_Archive_Validate_No_Url" time="17.133" classname="test.TestCreateArchiveValidateNoUrlError"/>
</testsuite> <!-- test.TestCreateArchiveValidateNoUrlError -->
