<?xml version="1.0" encoding="UTF-8"?>
<!-- Generated by org.testng.reporters.JUnitReportReporter -->
<testsuite skipped="0" hostname="Diego" name="test.TestCreateAnArchiveNotCapture" tests="1" failures="0" timestamp="04 Jul 2018 14:24:13 GMT" time="87.390" errors="0">
  <testcase name="test_Create_Archive_No_Capture" time="87.390" classname="test.TestCreateAnArchiveNotCapture"/>
</testsuite> <!-- test.TestCreateAnArchiveNotCapture -->
