<?xml version="1.0" encoding="UTF-8"?>
<!-- Generated by org.testng.reporters.JUnitReportReporter -->
<testsuite skipped="0" hostname="Diego" name="test.TestCreateAnArchiveCapture" tests="1" failures="0" timestamp="09 Jul 2018 18:05:47 GMT" time="95.610" errors="0">
  <testcase name="test_Create_Archive_Capture" time="95.610" classname="test.TestCreateAnArchiveCapture"/>
</testsuite> <!-- test.TestCreateAnArchiveCapture -->
