<?xml version="1.0" encoding="UTF-8"?>
<!-- Generated by org.testng.reporters.JUnitReportReporter -->
<testsuite skipped="0" hostname="Diego" name="test.TestCreateTweet" tests="1" failures="0" timestamp="29 Jun 2018 12:55:59 GMT" time="5.896" errors="0">
  <testcase name="test_Create_Chatter_Post" time="5.896" classname="test.TestCreateTweet"/>
</testsuite> <!-- test.TestCreateTweet -->
