<?xml version="1.0" encoding="UTF-8"?>
<!-- Generated by org.testng.reporters.JUnitReportReporter -->
<testsuite skipped="0" hostname="Diego" name="test.TestCreateAnArchiveDelete" tests="1" failures="0" timestamp="05 Jul 2018 19:11:09 GMT" time="95.221" errors="0">
  <testcase name="test_Create_Archive_Delete" time="95.221" classname="test.TestCreateAnArchiveDelete"/>
</testsuite> <!-- test.TestCreateAnArchiveDelete -->
