<?xml version="1.0" encoding="UTF-8"?>
<!-- Generated by org.testng.reporters.JUnitReportReporter -->
<testsuite skipped="0" hostname="Diego" name="test.Test99GuruLoginWithPageFactory" tests="1" failures="0" timestamp="21 Jun 2018 17:58:19 GMT" time="6.990" errors="0">
  <testcase name="test_Home_Page_Appear_Correct" time="6.990" classname="test.Test99GuruLoginWithPageFactory"/>
</testsuite> <!-- test.Test99GuruLoginWithPageFactory -->
